Vivado Simulator 2017.4
Copyright 1986-1999, 2001-2016 Xilinx, Inc. All Rights Reserved.
Running: C:/Xilinx/Vivado/2017.4/bin/unwrapped/win64.o/xelab.exe -wto a0ec6fdf87134aa28bddcadac0bb3b6f --incr --debug typical --relax --mt 2 -L xil_defaultlib -L secureip --snapshot tb_datapath_behav xil_defaultlib.tb_datapath -log elaborate.log 
Using 2 slave threads.
Starting static elaboration
Completed static elaboration
Starting simulation data flow analysis
Completed simulation data flow analysis
Time Resolution for simulation is 1ps
Compiling package std.standard
Compiling package std.textio
Compiling package ieee.std_logic_1164
Compiling package ieee.std_logic_textio
Compiling package ieee.numeric_std
Compiling package ieee.numeric_std_unsigned
Compiling architecture behavioral of entity xil_defaultlib.MainDecoder [maindecoder_default]
Compiling architecture behavioral of entity xil_defaultlib.AluDecoder [aludecoder_default]
Compiling architecture behavioral of entity xil_defaultlib.ControlUnit [controlunit_default]
Compiling architecture behavioral of entity xil_defaultlib.RegisterModule [\RegisterModule(n=2)\]
Compiling architecture behavioral of entity xil_defaultlib.ConditionalCheck [conditionalcheck_default]
Compiling architecture behavioral of entity xil_defaultlib.RegisterFlags [registerflags_default]
Compiling architecture behavioral of entity xil_defaultlib.ControlPath [controlpath_default]
Compiling architecture behavioral of entity xil_defaultlib.PersonalMux [personalmux_default]
Compiling architecture behavioral of entity xil_defaultlib.RegisterFile [registerfile_default]
Compiling architecture behavioral of entity xil_defaultlib.Extend [extend_default]
Compiling architecture behavioral of entity xil_defaultlib.adder [adder_default]
Compiling architecture behavioral of entity xil_defaultlib.mux4 [mux4_default]
Compiling architecture behavioral of entity xil_defaultlib.ALU32bits [alu32bits_default]
Compiling architecture behavioral of entity xil_defaultlib.ALU_flags [alu_flags_default]
Compiling architecture behavioral of entity xil_defaultlib.DataMem [datamem_default]
Compiling architecture behavioral of entity xil_defaultlib.RegisterModule [\RegisterModule(n=32)\]
Compiling architecture behavioral of entity xil_defaultlib.InstructionMemory [instructionmemory_default]
Compiling architecture behavioral of entity xil_defaultlib.Additionneur [additionneur_default]
Compiling architecture behavioral of entity xil_defaultlib.Datapath [datapath_default]
Compiling architecture behavioral of entity xil_defaultlib.tb_datapath
Built simulation snapshot tb_datapath_behav
